<?xml version="1.0" encoding="UTF-8"?>
<!-- Generated by org.testng.reporters.JUnitXMLReporter -->
<testsuite ignored="17" hostname="DESKTOP-2SJV0LG" failures="0" tests="1" name="Default test" time="176.371" errors="0" timestamp="2022-11-17T17:31:35 IST">
  <testcase classname="testcases.ApplicationTest" name="checkApiCallOAuth1" time="165.174"/>
  <testcase classname="testcases.ApplicationTest" name="addControls" time="0.0">
    <ignored/>
  </testcase> <!-- addControls -->
  <testcase classname="testcases.ApplicationTest" name="CheckPreview" time="0.0">
    <ignored/>
  </testcase> <!-- CheckPreview -->
  <testcase classname="testcases.ApplicationTest" name="checkUpdateAppGit" time="0.0">
    <ignored/>
  </testcase> <!-- checkUpdateAppGit -->
  <testcase classname="testcases.ApplicationTest" name="checkGitPull" time="0.0">
    <ignored/>
  </testcase> <!-- checkGitPull -->
  <testcase classname="testcases.ApplicationTest" name="checkGitAppImport" time="0.0">
    <ignored/>
  </testcase> <!-- checkGitAppImport -->
  <testcase classname="testcases.ApplicationTest" name="CheckAppImport" time="0.0">
    <ignored/>
  </testcase> <!-- CheckAppImport -->
  <testcase classname="testcases.ApplicationTest" name="checkGitPush" time="0.0">
    <ignored/>
  </testcase> <!-- checkGitPush -->
  <testcase classname="testcases.ApplicationTest" name="checkUpdateAppJson" time="0.0">
    <ignored/>
  </testcase> <!-- checkUpdateAppJson -->
  <testcase classname="testcases.ApplicationTest" name="addGraphQL" time="0.0">
    <ignored/>
  </testcase> <!-- addGraphQL -->
  <testcase classname="testcases.ApplicationTest" name="CheckPublish" time="0.0">
    <ignored/>
  </testcase> <!-- CheckPublish -->
  <testcase classname="testcases.ApplicationTest" name="addPostgreConnector" time="0.0">
    <ignored/>
  </testcase> <!-- addPostgreConnector -->
  <testcase classname="testcases.ApplicationTest" name="addAutoApi" time="0.0">
    <ignored/>
  </testcase> <!-- addAutoApi -->
  <testcase classname="testcases.ApplicationTest" name="createApp" time="0.0">
    <ignored/>
  </testcase> <!-- createApp -->
  <testcase classname="testcases.ApplicationTest" name="addCheckSSHKey" time="0.0">
    <ignored/>
  </testcase> <!-- addCheckSSHKey -->
  <testcase classname="testcases.ApplicationTest" name="checkAppExport" time="0.0">
    <ignored/>
  </testcase> <!-- checkAppExport -->
  <testcase classname="testcases.ApplicationTest" name="addMongoConnector" time="0.0">
    <ignored/>
  </testcase> <!-- addMongoConnector -->
  <testcase classname="testcases.ApplicationTest" name="checkAPicall" time="0.0">
    <ignored/>
  </testcase> <!-- checkAPicall -->
</testsuite> <!-- Default test -->
