<?xml version="1.0" encoding="UTF-8"?>
<!-- Generated by org.testng.reporters.JUnitXMLReporter -->
<testsuite ignored="0" hostname="DESKTOP-87HE5SR" failures="0" tests="18" name="ApplicationTest" time="0.114" errors="0" timestamp="2022-11-30T10:50:32 IST">
  <testcase classname="testcases.ApplicationTest" name="@BeforeMethod setUp" time="0.002">
    <failure type="java.io.FileNotFoundException" message="C:\Users\Vinayak%20Hene\git\UbuntuSmokeAutomation\target\classes\Automation.xlsx (The system cannot find the path specified)">
      <![CDATA[java.io.FileNotFoundException: C:\Users\Vinayak%20Hene\git\UbuntuSmokeAutomation\target\classes\Automation.xlsx (The system cannot find the path specified)
at java.base/java.io.FileInputStream.open0(Native Method)
at java.base/java.io.FileInputStream.open(FileInputStream.java:219)
at java.base/java.io.FileInputStream.<init>(FileInputStream.java:157)
at java.base/java.io.FileInputStream.<init>(FileInputStream.java:112)
at testcases.ApplicationTest.setUp(ApplicationTest.java:58)
at java.base/java.util.ArrayList.forEach(ArrayList.java:1541)
... Removed 31 stack frames]]>
    </failure>
  </testcase> <!-- @BeforeMethod setUp -->
  <testcase classname="testcases.ApplicationTest" name="@AfterMethod closeBrowser" time="-1.669785632072E9">
    <skipped/>
  </testcase> <!-- @AfterMethod closeBrowser -->
  <testcase classname="testcases.ApplicationTest" name="@BeforeMethod setUp" time="-1.669785632096E9">
    <skipped/>
  </testcase> <!-- @BeforeMethod setUp -->
  <testcase classname="testcases.ApplicationTest" name="@AfterMethod closeBrowser" time="-1.669785632102E9">
    <skipped/>
  </testcase> <!-- @AfterMethod closeBrowser -->
  <testcase classname="testcases.ApplicationTest" name="@BeforeMethod setUp" time="-1.669785632104E9">
    <skipped/>
  </testcase> <!-- @BeforeMethod setUp -->
  <testcase classname="testcases.ApplicationTest" name="@AfterMethod closeBrowser" time="-1.66978563211E9">
    <skipped/>
  </testcase> <!-- @AfterMethod closeBrowser -->
  <testcase classname="testcases.ApplicationTest" name="@BeforeMethod setUp" time="-1.669785632113E9">
    <skipped/>
  </testcase> <!-- @BeforeMethod setUp -->
  <testcase classname="testcases.ApplicationTest" name="@AfterMethod closeBrowser" time="-1.669785632117E9">
    <skipped/>
  </testcase> <!-- @AfterMethod closeBrowser -->
  <testcase classname="testcases.ApplicationTest" name="@BeforeMethod setUp" time="-1.669785632119E9">
    <skipped/>
  </testcase> <!-- @BeforeMethod setUp -->
  <testcase classname="testcases.ApplicationTest" name="@AfterMethod closeBrowser" time="-1.669785632124E9">
    <skipped/>
  </testcase> <!-- @AfterMethod closeBrowser -->
  <testcase classname="testcases.ApplicationTest" name="@BeforeMethod setUp" time="-1.669785632128E9">
    <skipped/>
  </testcase> <!-- @BeforeMethod setUp -->
  <testcase classname="testcases.ApplicationTest" name="@AfterMethod closeBrowser" time="-1.669785632132E9">
    <skipped/>
  </testcase> <!-- @AfterMethod closeBrowser -->
  <testcase classname="testcases.ApplicationTest" name="@BeforeMethod setUp" time="-1.669785632142E9">
    <skipped/>
  </testcase> <!-- @BeforeMethod setUp -->
  <testcase classname="testcases.ApplicationTest" name="@AfterMethod closeBrowser" time="-1.669785632149E9">
    <skipped/>
  </testcase> <!-- @AfterMethod closeBrowser -->
  <testcase classname="testcases.ApplicationTest" name="@BeforeMethod setUp" time="-1.669785632156E9">
    <skipped/>
  </testcase> <!-- @BeforeMethod setUp -->
  <testcase classname="testcases.ApplicationTest" name="@AfterMethod closeBrowser" time="-1.66978563216E9">
    <skipped/>
  </testcase> <!-- @AfterMethod closeBrowser -->
  <testcase classname="testcases.ApplicationTest" name="@BeforeMethod setUp" time="-1.669785632163E9">
    <skipped/>
  </testcase> <!-- @BeforeMethod setUp -->
  <testcase classname="testcases.ApplicationTest" name="@AfterMethod closeBrowser" time="-1.669785632166E9">
    <skipped/>
  </testcase> <!-- @AfterMethod closeBrowser -->
  <testcase classname="testcases.ApplicationTest" name="@BeforeMethod setUp" time="-1.669785632168E9">
    <skipped/>
  </testcase> <!-- @BeforeMethod setUp -->
  <testcase classname="testcases.ApplicationTest" name="@AfterMethod closeBrowser" time="-1.669785632173E9">
    <skipped/>
  </testcase> <!-- @AfterMethod closeBrowser -->
  <testcase classname="testcases.ApplicationTest" name="createApp" time="0.0">
    <skipped/>
  </testcase> <!-- createApp -->
  <testcase classname="testcases.ApplicationTest" name="addControls" time="0.001">
    <skipped/>
  </testcase> <!-- addControls -->
  <testcase classname="testcases.ApplicationTest" name="addMongoConnector" time="0.0">
    <skipped/>
  </testcase> <!-- addMongoConnector -->
  <testcase classname="testcases.ApplicationTest" name="addPostgreConnector" time="0.0">
    <skipped/>
  </testcase> <!-- addPostgreConnector -->
  <testcase classname="testcases.ApplicationTest" name="addAutoApi" time="0.0">
    <skipped/>
  </testcase> <!-- addAutoApi -->
  <testcase classname="testcases.ApplicationTest" name="addGraphQL" time="0.0">
    <skipped/>
  </testcase> <!-- addGraphQL -->
  <testcase classname="testcases.ApplicationTest" name="CheckPreview" time="0.0">
    <skipped/>
  </testcase> <!-- CheckPreview -->
  <testcase classname="testcases.ApplicationTest" name="CheckPublish" time="0.0">
    <skipped/>
  </testcase> <!-- CheckPublish -->
  <testcase classname="testcases.ApplicationTest" name="CheckAppImport" time="0.0">
    <skipped/>
  </testcase> <!-- CheckAppImport -->
  <testcase classname="testcases.ApplicationTest" name="checkGitAppImport" time="0.0">
    <skipped/>
  </testcase> <!-- checkGitAppImport -->
  <testcase classname="testcases.ApplicationTest" name="addCheckSSHKey" time="0.0">
    <skipped/>
  </testcase> <!-- addCheckSSHKey -->
  <testcase classname="testcases.ApplicationTest" name="checkGitPush" time="0.0">
    <skipped/>
  </testcase> <!-- checkGitPush -->
  <testcase classname="testcases.ApplicationTest" name="checkGitPull" time="0.0">
    <skipped/>
  </testcase> <!-- checkGitPull -->
  <testcase classname="testcases.ApplicationTest" name="checkUpdateAppJson" time="0.0">
    <skipped/>
  </testcase> <!-- checkUpdateAppJson -->
  <testcase classname="testcases.ApplicationTest" name="checkUpdateAppGit" time="0.0">
    <skipped/>
  </testcase> <!-- checkUpdateAppGit -->
  <testcase classname="testcases.ApplicationTest" name="checkAppExport" time="0.0">
    <skipped/>
  </testcase> <!-- checkAppExport -->
  <testcase classname="testcases.ApplicationTest" name="checkAPicall" time="0.0">
    <skipped/>
  </testcase> <!-- checkAPicall -->
  <testcase classname="testcases.ApplicationTest" name="checkApiCallOAuth1" time="0.0">
    <skipped/>
  </testcase> <!-- checkApiCallOAuth1 -->
</testsuite> <!-- ApplicationTest -->
