<?xml version="1.0" encoding="UTF-8"?>
<!-- Generated by org.testng.reporters.JUnitXMLReporter -->
<testsuite ignored="0" hostname="DESKTOP-2SJV0LG" failures="0" tests="19" name="ApplicationTest" time="2260.87" errors="0" timestamp="2022-11-24T12:19:35 IST">
  <testcase classname="testcases.ApplicationTest" name="createApp" time="62.443"/>
  <testcase classname="testcases.ApplicationTest" name="addControls" time="178.098"/>
  <testcase classname="testcases.ApplicationTest" name="addMongoConnector" time="108.146"/>
  <testcase classname="testcases.ApplicationTest" name="addPostgreConnector" time="177.785"/>
  <testcase classname="testcases.ApplicationTest" name="addAutoApi" time="177.577"/>
  <testcase classname="testcases.ApplicationTest" name="addGraphQL" time="177.46"/>
  <testcase classname="testcases.ApplicationTest" name="CheckPreview" time="131.031"/>
  <testcase classname="testcases.ApplicationTest" name="CheckPublish" time="131.974"/>
  <testcase classname="testcases.ApplicationTest" name="CheckAppImport" time="79.458"/>
  <testcase classname="testcases.ApplicationTest" name="checkGitAppImport" time="77.301"/>
  <testcase classname="testcases.ApplicationTest" name="addCheckSSHKey" time="9.259"/>
  <testcase classname="testcases.ApplicationTest" name="checkGitPush" time="121.517"/>
  <testcase classname="testcases.ApplicationTest" name="checkGitPull" time="118.08"/>
  <testcase classname="testcases.ApplicationTest" name="checkUpdateAppJson" time="70.402"/>
  <testcase classname="testcases.ApplicationTest" name="checkUpdateAppGit" time="34.547">
    <skipped/>
  </testcase> <!-- checkUpdateAppGit -->
  <testcase classname="testcases.ApplicationTest" name="checkUpdateAppGit" time="93.792"/>
  <testcase classname="testcases.ApplicationTest" name="checkAppExport" time="106.044"/>
  <testcase classname="testcases.ApplicationTest" name="checkAPicall" time="159.788"/>
  <testcase classname="testcases.ApplicationTest" name="checkApiCallOAuth1" time="159.192"/>
</testsuite> <!-- ApplicationTest -->
