<?xml version="1.0" encoding="UTF-8"?>
<!-- Generated by org.testng.reporters.JUnitXMLReporter -->
<testsuite ignored="1" hostname="DESKTOP-SVJDG53" failures="0" tests="1" name="googleSheet" time="122.569" errors="0" timestamp="2022-08-19T16:06:00 IST">
  <testcase classname="testcases.GoogleSheetTest" name="checkApiOAuth2" time="65.004"/>
  <testcase classname="testcases.GoogleSheetTest" name="TestGoogleSheet" time="0.0">
    <ignored/>
  </testcase> <!-- TestGoogleSheet -->
</testsuite> <!-- googleSheet -->
