<?xml version="1.0" encoding="UTF-8"?>
<!-- Generated by org.testng.reporters.JUnitXMLReporter -->
<testsuite ignored="3" hostname="DESKTOP-2SJV0LG" failures="0" tests="3" name="GraphQL" time="200.444" errors="0" timestamp="2022-11-24T11:35:45 IST">
  <testcase classname="testcases.ConnectorsTest" name="connectionTestApi" time="2.741"/>
  <testcase classname="testcases.ConnectorsTest" name="connectionSaveApi" time="22.909"/>
  <testcase classname="testcases.ConnectorsTest" name="connectionAddApi" time="3.105"/>
  <testcase classname="testcases.ConnectorsTest" name="saveConnection" time="0.0">
    <ignored/>
  </testcase> <!-- saveConnection -->
  <testcase classname="testcases.ConnectorsTest" name="addQuery" time="0.0">
    <ignored/>
  </testcase> <!-- addQuery -->
  <testcase classname="testcases.ConnectorsTest" name="connectionTest" time="0.0">
    <ignored/>
  </testcase> <!-- connectionTest -->
</testsuite> <!-- GraphQL -->
