<?xml version="1.0" encoding="UTF-8"?>
<!-- Generated by org.testng.reporters.JUnitXMLReporter -->
<testsuite ignored="0" hostname="DESKTOP-87HE5SR" failures="0" tests="2" name="HeadFullTestcases" time="0.037" errors="0" timestamp="2022-11-30T10:50:32 IST">
  <testcase classname="testcases.HeadFullTestCases" name="@BeforeMethod setUp" time="0.001">
    <failure type="java.io.FileNotFoundException" message="C:\Users\Vinayak%20Hene\git\UbuntuSmokeAutomation\target\classes\Automation.xlsx (The system cannot find the path specified)">
      <![CDATA[java.io.FileNotFoundException: C:\Users\Vinayak%20Hene\git\UbuntuSmokeAutomation\target\classes\Automation.xlsx (The system cannot find the path specified)
at java.base/java.io.FileInputStream.open0(Native Method)
at java.base/java.io.FileInputStream.open(FileInputStream.java:219)
at java.base/java.io.FileInputStream.<init>(FileInputStream.java:157)
at java.base/java.io.FileInputStream.<init>(FileInputStream.java:112)
at testcases.HeadFullTestCases.setUp(HeadFullTestCases.java:48)
at java.base/java.util.ArrayList.forEach(ArrayList.java:1541)
... Removed 31 stack frames]]>
    </failure>
  </testcase> <!-- @BeforeMethod setUp -->
  <testcase classname="testcases.HeadFullTestCases" name="@AfterMethod driverClose" time="-1.669785632021E9">
    <skipped/>
  </testcase> <!-- @AfterMethod driverClose -->
  <testcase classname="testcases.HeadFullTestCases" name="@BeforeMethod setUp" time="-1.669785632025E9">
    <skipped/>
  </testcase> <!-- @BeforeMethod setUp -->
  <testcase classname="testcases.HeadFullTestCases" name="@AfterMethod driverClose" time="-1.669785632031E9">
    <skipped/>
  </testcase> <!-- @AfterMethod driverClose -->
  <testcase classname="testcases.HeadFullTestCases" name="checkApiOAuth2" time="0.0">
    <skipped/>
  </testcase> <!-- checkApiOAuth2 -->
  <testcase classname="testcases.HeadFullTestCases" name="checkApiOAuth1" time="0.0">
    <skipped/>
  </testcase> <!-- checkApiOAuth1 -->
</testsuite> <!-- HeadFullTestcases -->
