<?xml version="1.0" encoding="UTF-8"?>
<!-- Generated by org.testng.reporters.JUnitXMLReporter -->
<testsuite ignored="3" hostname="DESKTOP-2SJV0LG" failures="0" tests="3" name="mongoDB" time="64.728" errors="0" timestamp="2022-11-24T11:38:26 IST">
  <testcase classname="testcases.ConnectorsTest" name="connectionTest" time="3.719"/>
  <testcase classname="testcases.ConnectorsTest" name="saveConnection" time="5.14"/>
  <testcase classname="testcases.ConnectorsTest" name="addQuery" time="5.53"/>
  <testcase classname="testcases.ConnectorsTest" name="connectionSaveApi" time="0.0">
    <ignored/>
  </testcase> <!-- connectionSaveApi -->
  <testcase classname="testcases.ConnectorsTest" name="connectionTestApi" time="0.0">
    <ignored/>
  </testcase> <!-- connectionTestApi -->
  <testcase classname="testcases.ConnectorsTest" name="connectionAddApi" time="0.0">
    <ignored/>
  </testcase> <!-- connectionAddApi -->
</testsuite> <!-- mongoDB -->
