<?xml version="1.0" encoding="UTF-8"?>
<!-- Generated by org.testng.reporters.JUnitXMLReporter -->
<testsuite ignored="3" hostname="DESKTOP-87HE5SR" failures="0" tests="3" name="mongoDB" time="0.039" errors="0" timestamp="2022-11-30T10:50:31 IST">
  <testcase classname="testcases.ConnectorsTest" name="@BeforeMethod setUp" time="0.003">
    <failure type="java.io.FileNotFoundException" message="C:\Users\Vinayak%20Hene\git\UbuntuSmokeAutomation\target\classes\Automation.xlsx (The system cannot find the path specified)">
      <![CDATA[java.io.FileNotFoundException: C:\Users\Vinayak%20Hene\git\UbuntuSmokeAutomation\target\classes\Automation.xlsx (The system cannot find the path specified)
at java.base/java.io.FileInputStream.open0(Native Method)
at java.base/java.io.FileInputStream.open(FileInputStream.java:219)
at java.base/java.io.FileInputStream.<init>(FileInputStream.java:157)
at java.base/java.io.FileInputStream.<init>(FileInputStream.java:112)
at testcases.ConnectorsTest.setUp(ConnectorsTest.java:57)
at java.base/java.util.ArrayList.forEach(ArrayList.java:1541)
... Removed 31 stack frames]]>
    </failure>
  </testcase> <!-- @BeforeMethod setUp -->
  <testcase classname="testcases.ConnectorsTest" name="@AfterMethod driverClose" time="-1.669785631884E9">
    <skipped/>
  </testcase> <!-- @AfterMethod driverClose -->
  <testcase classname="testcases.ConnectorsTest" name="@BeforeMethod setUp" time="-1.669785631889E9">
    <skipped/>
  </testcase> <!-- @BeforeMethod setUp -->
  <testcase classname="testcases.ConnectorsTest" name="@AfterMethod driverClose" time="-1.669785631895E9">
    <skipped/>
  </testcase> <!-- @AfterMethod driverClose -->
  <testcase classname="testcases.ConnectorsTest" name="connectionTest" time="0.0">
    <skipped/>
  </testcase> <!-- connectionTest -->
  <testcase classname="testcases.ConnectorsTest" name="saveConnection" time="0.0">
    <skipped/>
  </testcase> <!-- saveConnection -->
  <testcase classname="testcases.ConnectorsTest" name="addQuery" time="0.001">
    <skipped/>
  </testcase> <!-- addQuery -->
  <testcase classname="testcases.ConnectorsTest" name="connectionSaveApi" time="0.0">
    <ignored/>
  </testcase> <!-- connectionSaveApi -->
  <testcase classname="testcases.ConnectorsTest" name="connectionTestApi" time="0.0">
    <ignored/>
  </testcase> <!-- connectionTestApi -->
  <testcase classname="testcases.ConnectorsTest" name="connectionAddApi" time="0.0">
    <ignored/>
  </testcase> <!-- connectionAddApi -->
</testsuite> <!-- mongoDB -->
