<?xml version="1.0" encoding="UTF-8"?>
<!-- Generated by org.testng.reporters.JUnitXMLReporter -->
<testsuite ignored="0" hostname="DESKTOP-87HE5SR" failures="0" tests="10" name="PermissionTest" time="0.097" errors="0" timestamp="2022-11-30T10:50:32 IST">
  <testcase classname="testcases.PermissionTest" name="@BeforeMethod setUp" time="0.002">
    <failure type="java.io.FileNotFoundException" message="C:\Users\Vinayak%20Hene\git\UbuntuSmokeAutomation\target\classes\Automation.xlsx (The system cannot find the path specified)">
      <![CDATA[java.io.FileNotFoundException: C:\Users\Vinayak%20Hene\git\UbuntuSmokeAutomation\target\classes\Automation.xlsx (The system cannot find the path specified)
at java.base/java.io.FileInputStream.open0(Native Method)
at java.base/java.io.FileInputStream.open(FileInputStream.java:219)
at java.base/java.io.FileInputStream.<init>(FileInputStream.java:157)
at java.base/java.io.FileInputStream.<init>(FileInputStream.java:112)
at testcases.PermissionTest.setUp(PermissionTest.java:55)
at java.base/java.util.ArrayList.forEach(ArrayList.java:1541)
... Removed 31 stack frames]]>
    </failure>
  </testcase> <!-- @BeforeMethod setUp -->
  <testcase classname="testcases.PermissionTest" name="@AfterMethod closeBrowser" time="-1.669785632486E9">
    <skipped/>
  </testcase> <!-- @AfterMethod closeBrowser -->
  <testcase classname="testcases.PermissionTest" name="@BeforeMethod setUp" time="-1.6697856325E9">
    <skipped/>
  </testcase> <!-- @BeforeMethod setUp -->
  <testcase classname="testcases.PermissionTest" name="@AfterMethod closeBrowser" time="-1.669785632508E9">
    <skipped/>
  </testcase> <!-- @AfterMethod closeBrowser -->
  <testcase classname="testcases.PermissionTest" name="@BeforeMethod setUp" time="-1.66978563252E9">
    <skipped/>
  </testcase> <!-- @BeforeMethod setUp -->
  <testcase classname="testcases.PermissionTest" name="@AfterMethod closeBrowser" time="-1.66978563253E9">
    <skipped/>
  </testcase> <!-- @AfterMethod closeBrowser -->
  <testcase classname="testcases.PermissionTest" name="@BeforeMethod setUp" time="-1.669785632533E9">
    <skipped/>
  </testcase> <!-- @BeforeMethod setUp -->
  <testcase classname="testcases.PermissionTest" name="@AfterMethod closeBrowser" time="-1.669785632538E9">
    <skipped/>
  </testcase> <!-- @AfterMethod closeBrowser -->
  <testcase classname="testcases.PermissionTest" name="@BeforeMethod setUp" time="-1.669785632541E9">
    <skipped/>
  </testcase> <!-- @BeforeMethod setUp -->
  <testcase classname="testcases.PermissionTest" name="@AfterMethod closeBrowser" time="-1.669785632548E9">
    <skipped/>
  </testcase> <!-- @AfterMethod closeBrowser -->
  <testcase classname="testcases.PermissionTest" name="@BeforeMethod setUp" time="-1.669785632551E9">
    <skipped/>
  </testcase> <!-- @BeforeMethod setUp -->
  <testcase classname="testcases.PermissionTest" name="@AfterMethod closeBrowser" time="-1.669785632557E9">
    <skipped/>
  </testcase> <!-- @AfterMethod closeBrowser -->
  <testcase classname="testcases.PermissionTest" name="@BeforeMethod setUp" time="-1.669785632563E9">
    <skipped/>
  </testcase> <!-- @BeforeMethod setUp -->
  <testcase classname="testcases.PermissionTest" name="@AfterMethod closeBrowser" time="-1.669785632569E9">
    <skipped/>
  </testcase> <!-- @AfterMethod closeBrowser -->
  <testcase classname="testcases.PermissionTest" name="testGroupConnUseonly" time="0.0">
    <skipped/>
  </testcase> <!-- testGroupConnUseonly -->
  <testcase classname="testcases.PermissionTest" name="testGroupConnNone" time="0.0">
    <skipped/>
  </testcase> <!-- testGroupConnNone -->
  <testcase classname="testcases.PermissionTest" name="testConnUseOnly" time="0.0">
    <skipped/>
  </testcase> <!-- testConnUseOnly -->
  <testcase classname="testcases.PermissionTest" name="testConnNone" time="0.0">
    <skipped/>
  </testcase> <!-- testConnNone -->
  <testcase classname="testcases.PermissionTest" name="testGroupEditorPrem" time="0.0">
    <skipped/>
  </testcase> <!-- testGroupEditorPrem -->
  <testcase classname="testcases.PermissionTest" name="testGroupPreviewPrem" time="0.0">
    <skipped/>
  </testcase> <!-- testGroupPreviewPrem -->
  <testcase classname="testcases.PermissionTest" name="testGroupNonePrem" time="0.0">
    <skipped/>
  </testcase> <!-- testGroupNonePrem -->
  <testcase classname="testcases.PermissionTest" name="testNone" time="0.0">
    <skipped/>
  </testcase> <!-- testNone -->
  <testcase classname="testcases.PermissionTest" name="testPreviewOnly" time="0.0">
    <skipped/>
  </testcase> <!-- testPreviewOnly -->
  <testcase classname="testcases.PermissionTest" name="testEditor" time="0.0">
    <skipped/>
  </testcase> <!-- testEditor -->
</testsuite> <!-- PermissionTest -->
