<?xml version="1.0" encoding="UTF-8"?>
<!-- Generated by org.testng.reporters.JUnitXMLReporter -->
<testsuite ignored="0" hostname="DESKTOP-2SJV0LG" failures="0" tests="10" name="PermissionTest" time="731.429" errors="0" timestamp="2022-11-24T12:33:16 IST">
  <testcase classname="testcases.PermissionTest" name="testGroupConnUseonly" time="107.121"/>
  <testcase classname="testcases.PermissionTest" name="testGroupConnNone" time="46.812"/>
  <testcase classname="testcases.PermissionTest" name="testConnUseOnly" time="43.997"/>
  <testcase classname="testcases.PermissionTest" name="testConnNone" time="43.477"/>
  <testcase classname="testcases.PermissionTest" name="testGroupEditorPrem" time="137.485"/>
  <testcase classname="testcases.PermissionTest" name="testGroupPreviewPrem" time="78.093"/>
  <testcase classname="testcases.PermissionTest" name="testGroupNonePrem" time="16.181"/>
  <testcase classname="testcases.PermissionTest" name="testNone" time="48.067"/>
  <testcase classname="testcases.PermissionTest" name="testPreviewOnly" time="73.969"/>
  <testcase classname="testcases.PermissionTest" name="testEditor" time="73.475"/>
</testsuite> <!-- PermissionTest -->
