<?xml version="1.0" encoding="UTF-8"?>
<!-- Generated by org.testng.reporters.JUnitXMLReporter -->
<testsuite ignored="16" hostname="DESKTOP-87HE5SR" failures="0" tests="2" name="postgre" time="0.124" errors="0" timestamp="2022-11-30T11:07:39 IST">
  <testcase classname="testcases.ApplicationTest" name="@BeforeMethod setUp" time="0.045">
    <failure type="java.io.FileNotFoundException" message="C:\Users\Vinayak%20Hene\git\UbuntuSmokeAutomation\target\classes\Automation.xlsx (The system cannot find the path specified)">
      <![CDATA[java.io.FileNotFoundException: C:\Users\Vinayak%20Hene\git\UbuntuSmokeAutomation\target\classes\Automation.xlsx (The system cannot find the path specified)
at java.base/java.io.FileInputStream.open0(Native Method)
at java.base/java.io.FileInputStream.open(FileInputStream.java:219)
at java.base/java.io.FileInputStream.<init>(FileInputStream.java:157)
at java.base/java.io.FileInputStream.<init>(FileInputStream.java:112)
at testcases.ApplicationTest.setUp(ApplicationTest.java:58)
at java.base/java.util.ArrayList.forEach(ArrayList.java:1541)
... Removed 31 stack frames]]>
    </failure>
  </testcase> <!-- @BeforeMethod setUp -->
  <testcase classname="testcases.ApplicationTest" name="@AfterMethod closeBrowser" time="-1.669786659582E9">
    <skipped/>
  </testcase> <!-- @AfterMethod closeBrowser -->
  <testcase classname="testcases.ApplicationTest" name="@BeforeMethod setUp" time="-1.669786659587E9">
    <skipped/>
  </testcase> <!-- @BeforeMethod setUp -->
  <testcase classname="testcases.ApplicationTest" name="@AfterMethod closeBrowser" time="-1.669786659595E9">
    <skipped/>
  </testcase> <!-- @AfterMethod closeBrowser -->
  <testcase classname="testcases.ApplicationTest" name="checkAPicall" time="0.0">
    <skipped/>
  </testcase> <!-- checkAPicall -->
  <testcase classname="testcases.ApplicationTest" name="checkApiCallOAuth1" time="0.0">
    <skipped/>
  </testcase> <!-- checkApiCallOAuth1 -->
  <testcase classname="testcases.ApplicationTest" name="addControls" time="0.0">
    <ignored/>
  </testcase> <!-- addControls -->
  <testcase classname="testcases.ApplicationTest" name="CheckPreview" time="0.0">
    <ignored/>
  </testcase> <!-- CheckPreview -->
  <testcase classname="testcases.ApplicationTest" name="checkUpdateAppGit" time="0.0">
    <ignored/>
  </testcase> <!-- checkUpdateAppGit -->
  <testcase classname="testcases.ApplicationTest" name="checkGitPull" time="0.0">
    <ignored/>
  </testcase> <!-- checkGitPull -->
  <testcase classname="testcases.ApplicationTest" name="checkGitAppImport" time="0.0">
    <ignored/>
  </testcase> <!-- checkGitAppImport -->
  <testcase classname="testcases.ApplicationTest" name="CheckAppImport" time="0.0">
    <ignored/>
  </testcase> <!-- CheckAppImport -->
  <testcase classname="testcases.ApplicationTest" name="checkGitPush" time="0.0">
    <ignored/>
  </testcase> <!-- checkGitPush -->
  <testcase classname="testcases.ApplicationTest" name="checkUpdateAppJson" time="0.0">
    <ignored/>
  </testcase> <!-- checkUpdateAppJson -->
  <testcase classname="testcases.ApplicationTest" name="addGraphQL" time="0.0">
    <ignored/>
  </testcase> <!-- addGraphQL -->
  <testcase classname="testcases.ApplicationTest" name="CheckPublish" time="0.0">
    <ignored/>
  </testcase> <!-- CheckPublish -->
  <testcase classname="testcases.ApplicationTest" name="addPostgreConnector" time="0.0">
    <ignored/>
  </testcase> <!-- addPostgreConnector -->
  <testcase classname="testcases.ApplicationTest" name="addAutoApi" time="0.0">
    <ignored/>
  </testcase> <!-- addAutoApi -->
  <testcase classname="testcases.ApplicationTest" name="createApp" time="0.0">
    <ignored/>
  </testcase> <!-- createApp -->
  <testcase classname="testcases.ApplicationTest" name="addCheckSSHKey" time="0.0">
    <ignored/>
  </testcase> <!-- addCheckSSHKey -->
  <testcase classname="testcases.ApplicationTest" name="checkAppExport" time="0.0">
    <ignored/>
  </testcase> <!-- checkAppExport -->
  <testcase classname="testcases.ApplicationTest" name="addMongoConnector" time="0.0">
    <ignored/>
  </testcase> <!-- addMongoConnector -->
</testsuite> <!-- postgre -->
