<?xml version="1.0" encoding="UTF-8"?>
<!-- Generated by org.testng.reporters.JUnitXMLReporter -->
<testsuite ignored="3" hostname="DESKTOP-2SJV0LG" failures="0" tests="3" name="RestApi" time="96.67" errors="0" timestamp="2022-11-24T11:37:21 IST">
  <testcase classname="testcases.ConnectorsTest" name="connectionTestApi" time="4.139"/>
  <testcase classname="testcases.ConnectorsTest" name="connectionSaveApi" time="24.556"/>
  <testcase classname="testcases.ConnectorsTest" name="connectionAddApi" time="22.339"/>
  <testcase classname="testcases.ConnectorsTest" name="saveConnection" time="0.0">
    <ignored/>
  </testcase> <!-- saveConnection -->
  <testcase classname="testcases.ConnectorsTest" name="addQuery" time="0.0">
    <ignored/>
  </testcase> <!-- addQuery -->
  <testcase classname="testcases.ConnectorsTest" name="connectionTest" time="0.0">
    <ignored/>
  </testcase> <!-- connectionTest -->
</testsuite> <!-- RestApi -->
