<?xml version="1.0" encoding="UTF-8"?>
<!-- Generated by org.testng.reporters.JUnitXMLReporter -->
<testsuite ignored="3" hostname="DESKTOP-87HE5SR" failures="2" tests="7" name="RestApi" time="127.291" errors="0" timestamp="2022-12-14T11:55:31 IST">
  <testcase classname="testcases.ConnectorsTest" name="connectionTestApi" time="0.016">
    <skipped/>
  </testcase> <!-- connectionTestApi -->
  <testcase classname="testcases.ConnectorsTest" name="connectionTestApi" time="0.007">
    <skipped/>
  </testcase> <!-- connectionTestApi -->
  <testcase classname="testcases.ConnectorsTest" name="connectionTestApi" time="0.004">
    <failure type="java.lang.NullPointerException">
      <![CDATA[java.lang.NullPointerException
at com.connectors.AddingConnector.connectorDetails_api(AddingConnector.java:246)
at testcases.ConnectorsTest.connectionTestApi(ConnectorsTest.java:193)
at java.base/java.util.ArrayList.forEach(ArrayList.java:1541)
... Removed 27 stack frames]]>
    </failure>
  </testcase> <!-- connectionTestApi -->
  <testcase classname="testcases.ConnectorsTest" name="connectionSaveApi" time="0.004">
    <skipped/>
  </testcase> <!-- connectionSaveApi -->
  <testcase classname="testcases.ConnectorsTest" name="connectionSaveApi" time="0.004">
    <skipped/>
  </testcase> <!-- connectionSaveApi -->
  <testcase classname="testcases.ConnectorsTest" name="connectionSaveApi" time="0.006">
    <failure type="java.lang.NullPointerException">
      <![CDATA[java.lang.NullPointerException
at com.connectors.AddingConnector.connectorDetails_api(AddingConnector.java:246)
at testcases.ConnectorsTest.connectionSaveApi(ConnectorsTest.java:204)
at java.base/java.util.ArrayList.forEach(ArrayList.java:1541)
... Removed 27 stack frames]]>
    </failure>
  </testcase> <!-- connectionSaveApi -->
  <testcase classname="testcases.ConnectorsTest" name="connectionAddApi" time="0.0">
    <skipped/>
  </testcase> <!-- connectionAddApi -->
  <testcase classname="testcases.ConnectorsTest" name="saveConnection" time="0.0">
    <ignored/>
  </testcase> <!-- saveConnection -->
  <testcase classname="testcases.ConnectorsTest" name="addQuery" time="0.0">
    <ignored/>
  </testcase> <!-- addQuery -->
  <testcase classname="testcases.ConnectorsTest" name="connectionTest" time="0.0">
    <ignored/>
  </testcase> <!-- connectionTest -->
</testsuite> <!-- RestApi -->
