<?xml version="1.0" encoding="UTF-8"?>
<testng-results ignored="0" total="2" passed="2" failed="0" skipped="0">
  <reporter-output>
  </reporter-output>
  <suite started-at="2022-12-14T12:33:43 IST" name="Suite" finished-at="2022-12-14T12:35:17 IST" duration-ms="93654">
    <groups>
    </groups>
    <test started-at="2022-12-14T12:33:43 IST" name="AddUserTest" finished-at="2022-12-14T12:35:17 IST" duration-ms="93654">
      <class name="testcases.AddUserTest">
        <test-method is-config="true" signature="setUp()[pri:0, instance:testcases.AddUserTest@702b8b12]" started-at="2022-12-14T12:33:43 IST" name="setUp" finished-at="2022-12-14T12:33:54 IST" duration-ms="10744" status="PASS">
          <reporter-output>
          </reporter-output>
        </test-method> <!-- setUp -->
        <test-method signature="AddUser()[pri:0, instance:testcases.AddUserTest@702b8b12]" started-at="2022-12-14T12:33:54 IST" name="AddUser" finished-at="2022-12-14T12:34:37 IST" duration-ms="42660" status="PASS">
          <reporter-output>
          </reporter-output>
        </test-method> <!-- AddUser -->
        <test-method is-config="true" signature="closeBrowser(org.testng.ITestResult)[pri:0, instance:testcases.AddUserTest@702b8b12]" started-at="2022-12-14T12:34:37 IST" name="closeBrowser" finished-at="2022-12-14T12:34:38 IST" duration-ms="1177" status="PASS">
          <params>
            <param index="0">
              <value>
                <![CDATA[[TestResult name=AddUser status=SUCCESS method=AddUserTest.AddUser()[pri:0, instance:testcases.AddUserTest@702b8b12] output={null}]]]>
              </value>
            </param>
          </params>
          <reporter-output>
          </reporter-output>
        </test-method> <!-- closeBrowser -->
        <test-method is-config="true" signature="setUp()[pri:0, instance:testcases.AddUserTest@702b8b12]" started-at="2022-12-14T12:34:38 IST" name="setUp" finished-at="2022-12-14T12:34:44 IST" duration-ms="6688" status="PASS">
          <reporter-output>
          </reporter-output>
        </test-method> <!-- setUp -->
        <test-method signature="LoginUser()[pri:0, instance:testcases.AddUserTest@702b8b12]" started-at="2022-12-14T12:34:44 IST" name="LoginUser" finished-at="2022-12-14T12:35:16 IST" depends-on-methods="testcases.AddUserTest.AddUser" duration-ms="31430" status="PASS">
          <reporter-output>
          </reporter-output>
        </test-method> <!-- LoginUser -->
        <test-method is-config="true" signature="closeBrowser(org.testng.ITestResult)[pri:0, instance:testcases.AddUserTest@702b8b12]" started-at="2022-12-14T12:35:16 IST" name="closeBrowser" finished-at="2022-12-14T12:35:17 IST" duration-ms="884" status="PASS">
          <params>
            <param index="0">
              <value>
                <![CDATA[[TestResult name=LoginUser status=SUCCESS method=AddUserTest.LoginUser()[pri:0, instance:testcases.AddUserTest@702b8b12] output={null}]]]>
              </value>
            </param>
          </params>
          <reporter-output>
          </reporter-output>
        </test-method> <!-- closeBrowser -->
      </class> <!-- testcases.AddUserTest -->
    </test> <!-- AddUserTest -->
  </suite> <!-- Suite -->
</testng-results>
